TN:
SF:controllers\cilentController.js
FN:4,(anonymous_0)
FN:24,(anonymous_1)
FNF:2
FNH:2
FNDA:4,(anonymous_0)
FNDA:2,(anonymous_1)
DA:4,1
DA:5,4
DA:6,4
DA:7,4
DA:9,2
DA:10,2
DA:11,1
DA:14,1
DA:15,1
DA:17,1
DA:19,0
DA:20,0
DA:24,1
DA:25,2
DA:26,2
DA:27,2
DA:29,2
DA:31,2
DA:32,1
DA:35,1
DA:36,0
DA:39,1
DA:41,0
DA:42,0
LF:24
LH:19
BRDA:7,0,0,2
BRDA:7,0,1,2
BRDA:7,1,0,4
BRDA:7,1,1,3
BRDA:10,2,0,1
BRDA:10,2,1,1
BRDA:10,3,0,2
BRDA:10,3,1,1
BRDA:27,4,0,0
BRDA:27,4,1,2
BRDA:31,5,0,1
BRDA:31,5,1,1
BRDA:35,6,0,0
BRDA:35,6,1,1
BRF:14
BRH:12
end_of_record
TN:
SF:routes\cilentRoute.js
FN:7,(anonymous_0)
FNF:1
FNH:1
FNDA:1,(anonymous_0)
DA:5,1
DA:7,1
DA:8,1
DA:11,1
DA:13,1
LF:5
LH:5
BRF:0
BRH:0
end_of_record
TN:
SF:services\cilentServices.js
FN:10,(anonymous_0)
FN:35,(anonymous_1)
FNF:2
FNH:2
FNDA:2,(anonymous_0)
FNDA:2,(anonymous_1)
DA:5,1
DA:6,1
DA:8,1
DA:10,1
DA:11,2
DA:13,2
DA:14,2
DA:19,2
DA:21,2
DA:22,1
DA:25,1
DA:28,0
DA:29,0
DA:31,2
DA:35,1
DA:36,2
DA:38,2
DA:39,2
DA:44,2
DA:46,2
DA:47,1
DA:50,1
DA:52,1
DA:55,0
DA:56,0
DA:58,2
LF:26
LH:22
BRDA:21,0,0,1
BRDA:21,0,1,1
BRDA:46,1,0,1
BRDA:46,1,1,1
BRF:4
BRH:4
end_of_record
TN:
SF:utils\pathUtils.js
FN:1,(anonymous_0)
FN:2,(anonymous_1)
FN:21,(anonymous_2)
FN:28,(anonymous_3)
FNF:4
FNH:4
FNDA:5,(anonymous_0)
FNDA:14,(anonymous_1)
FNDA:14,(anonymous_2)
FNDA:14,(anonymous_3)
DA:1,2
DA:2,5
DA:3,14
DA:4,13
DA:5,12
DA:7,11
DA:8,3
DA:11,8
DA:18,8
DA:21,14
DA:24,5
DA:25,5
DA:26,5
DA:28,5
DA:29,14
DA:30,14
DA:31,14
DA:32,14
DA:34,14
DA:35,14
DA:37,14
DA:38,14
DA:40,14
DA:52,5
LF:24
LH:24
BRDA:3,0,0,1
BRDA:3,0,1,13
BRDA:4,1,0,1
BRDA:4,1,1,12
BRDA:5,2,0,1
BRDA:5,2,1,11
BRDA:7,3,0,3
BRDA:7,3,1,8
BRDA:18,4,0,8
BRDA:18,4,1,0
BRDA:22,5,0,4
BRDA:22,5,1,1
BRDA:29,6,0,14
BRDA:29,6,1,0
BRDA:30,7,0,14
BRDA:30,7,1,0
BRDA:31,8,0,14
BRDA:31,8,1,1
BRDA:32,9,0,14
BRDA:32,9,1,1
BRDA:45,10,0,14
BRDA:45,10,1,0
BRF:22
BRH:18
end_of_record
